# JRE version: Java(TM) SE Runtime Environment (14.0.2+12) (build 14.0.2+12-46)
# Java VM: Java HotSpot(TM) 64-Bit Server VM (14.0.2+12-46, mixed mode, sharing, tiered, compressed oops, g1 gc, windows-amd64)
Heap:
 garbage-first heap   total 58368K, used 21194K [0x0000000081a00000, 0x0000000100000000)
  region size 1024K, 9 young (9216K), 5 survivors (5120K)
 Metaspace       used 22437K, capacity 23136K, committed 23344K, reserved 1069056K
  class space    used 2648K, capacity 2891K, committed 2944K, reserved 1048576K
GC Heap History (14 events):
Event: 0.956 GC heap before
{Heap before GC invocations=0 (full 0):
 garbage-first heap   total 131072K, used 13312K [0x0000000081a00000, 0x0000000100000000)
  region size 1024K, 13 young (13312K), 0 survivors (0K)
 Metaspace       used 2162K, capacity 5124K, committed 5376K, reserved 1056768K
  class space    used 194K, capacity 473K, committed 512K, reserved 1048576K
}
Event: 0.964 GC heap after
{Heap after GC invocations=1 (full 0):
 garbage-first heap   total 131072K, used 7508K [0x0000000081a00000, 0x0000000100000000)
  region size 1024K, 2 young (2048K), 2 survivors (2048K)
 Metaspace       used 2162K, capacity 5124K, committed 5376K, reserved 1056768K
  class space    used 194K, capacity 473K, committed 512K, reserved 1048576K
}
Event: 1.237 GC heap before
{Heap before GC invocations=1 (full 0):
 garbage-first heap   total 131072K, used 15700K [0x0000000081a00000, 0x0000000100000000)
  region size 1024K, 11 young (11264K), 2 survivors (2048K)
 Metaspace       used 3373K, capacity 5881K, committed 6016K, reserved 1056768K
  class space    used 334K, capacity 600K, committed 640K, reserved 1048576K
}
Event: 1.241 GC heap after
{Heap after GC invocations=2 (full 0):
 garbage-first heap   total 131072K, used 8780K [0x0000000081a00000, 0x0000000100000000)
  region size 1024K, 2 young (2048K), 2 survivors (2048K)
 Metaspace       used 3373K, capacity 5881K, committed 6016K, reserved 1056768K
  class space    used 334K, capacity 600K, committed 640K, reserved 1048576K
}
Event: 1.664 GC heap before
{Heap before GC invocations=2 (full 0):
 garbage-first heap   total 131072K, used 27212K [0x0000000081a00000, 0x0000000100000000)
  region size 1024K, 20 young (20480K), 2 survivors (2048K)
 Metaspace       used 6150K, capacity 7704K, committed 7808K, reserved 1056768K
  class space    used 704K, capacity 893K, committed 896K, reserved 1048576K
}
Event: 1.668 GC heap after
{Heap after GC invocations=3 (full 0):
 garbage-first heap   total 131072K, used 9659K [0x0000000081a00000, 0x0000000100000000)
  region size 1024K, 3 young (3072K), 3 survivors (3072K)
 Metaspace       used 6150K, capacity 7704K, committed 7808K, reserved 1056768K
  class space    used 704K, capacity 893K, committed 896K, reserved 1048576K
}
Event: 2.953 GC heap before
{Heap before GC invocations=3 (full 0):
 garbage-first heap   total 131072K, used 84411K [0x0000000081a00000, 0x0000000100000000)
  region size 1024K, 76 young (77824K), 3 survivors (3072K)
 Metaspace       used 15452K, capacity 15998K, committed 16256K, reserved 1062912K
  class space    used 1887K, capacity 2088K, committed 2176K, reserved 1048576K
}
Event: 2.962 GC heap after
{Heap after GC invocations=4 (full 0):
 garbage-first heap   total 131072K, used 11755K [0x0000000081a00000, 0x0000000100000000)
  region size 1024K, 5 young (5120K), 5 survivors (5120K)
 Metaspace       used 15452K, capacity 15998K, committed 16256K, reserved 1062912K
  class space    used 1887K, capacity 2088K, committed 2176K, reserved 1048576K
}
Event: 3.828 GC heap before
{Heap before GC invocations=4 (full 0):
 garbage-first heap   total 131072K, used 83435K [0x0000000081a00000, 0x0000000100000000)
  region size 1024K, 76 young (77824K), 5 survivors (5120K)
 Metaspace       used 16474K, capacity 16964K, committed 17024K, reserved 1064960K
  class space    used 1980K, capacity 2174K, committed 2176K, reserved 1048576K
}
Event: 3.840 GC heap after
{Heap after GC invocations=5 (full 0):
 garbage-first heap   total 157696K, used 14199K [0x0000000081a00000, 0x0000000100000000)
  region size 1024K, 7 young (7168K), 7 survivors (7168K)
 Metaspace       used 16474K, capacity 16964K, committed 17024K, reserved 1064960K
  class space    used 1980K, capacity 2174K, committed 2176K, reserved 1048576K
}
Event: 4.731 GC heap before
{Heap before GC invocations=5 (full 0):
 garbage-first heap   total 157696K, used 83831K [0x0000000081a00000, 0x0000000100000000)
  region size 1024K, 77 young (78848K), 7 survivors (7168K)
 Metaspace       used 20557K, capacity 21151K, committed 21296K, reserved 1069056K
  class space    used 2420K, capacity 2644K, committed 2688K, reserved 1048576K
}
Event: 4.743 GC heap after
{Heap after GC invocations=6 (full 0):
 garbage-first heap   total 157696K, used 15878K [0x0000000081a00000, 0x0000000100000000)
  region size 1024K, 7 young (7168K), 7 survivors (7168K)
 Metaspace       used 20557K, capacity 21151K, committed 21296K, reserved 1069056K
  class space    used 2420K, capacity 2644K, committed 2688K, reserved 1048576K
}
Event: 5.260 GC heap before
{Heap before GC invocations=7 (full 0):
 garbage-first heap   total 58368K, used 43526K [0x0000000081a00000, 0x0000000100000000)
  region size 1024K, 34 young (34816K), 7 survivors (7168K)
 Metaspace       used 22282K, capacity 22968K, committed 23344K, reserved 1069056K
  class space    used 2627K, capacity 2857K, committed 2944K, reserved 1048576K
}
Event: 5.282 GC heap after
{Heap after GC invocations=8 (full 0):
 garbage-first heap   total 58368K, used 18122K [0x0000000081a00000, 0x0000000100000000)
  region size 1024K, 5 young (5120K), 5 survivors (5120K)
 Metaspace       used 22282K, capacity 22968K, committed 23344K, reserved 1069056K
  class space    used 2627K, capacity 2857K, committed 2944K, reserved 1048576K
}

